  InputEventHandler.cpp
d:\game dev\engine_dev\abyssal\core\framework\events\inputeventhandler.cpp(1): fatal error C1083: Cannot open include file: 'Core/Framework/Events/InputEventHandler.h': No such file or directory
  IEvent.cpp
  SimpleEvent.cpp
  FileSystemHelper.cpp
  inputEventActions.cpp
d:\game dev\engine_dev\abyssal\core\framework\io\inputeventactions.h(6): fatal error C1083: Cannot open include file: 'Core/Node/Component/Derivative/IO/inputHandler.h': No such file or directory
  Client.cpp
d:\game dev\engine_dev\abyssal\core\framework\networking\client.h(5): fatal error C1083: Cannot open include file: 'Core/Framework/Networking/INet.h': No such file or directory
  NetworkManager.cpp
d:\game dev\engine_dev\abyssal\core\framework\networking\networkmanager.h(5): fatal error C1083: Cannot open include file: 'Core/Framework/Networking/INet.h': No such file or directory
  Serialization.cpp
  Server.cpp
d:\game dev\engine_dev\abyssal\core\framework\networking\server.h(5): fatal error C1083: Cannot open include file: 'Core/Framework/Networking/INet.h': No such file or directory
  Model.cpp
d:\game dev\engine_dev\abyssal\core\framework\render\model.cpp(3): fatal error C1083: Cannot open include file: 'GL/glew.h': No such file or directory
  Renderer3D.cpp
d:\game dev\engine_dev\abyssal\core\framework\render\renderer3d.cpp(2): fatal error C1083: Cannot open include file: 'Core/Framework/Render/Renderer3D.h': No such file or directory
  ThreadScheduler.cpp
  ThreadSpool.cpp
  componentLabelConverter.cpp
d:\game dev\engine_dev\abyssal\core\node\componentlabelconverter.h(7): fatal error C1083: Cannot open include file: 'Core/Node/Component/ComponentTypes.h': No such file or directory
  Component.cpp
d:\game dev\engine_dev\abyssal\core\node\component\component.h(6): fatal error C1083: Cannot open include file: 'Core/Node/Component/ComponentTypes.h': No such file or directory
  ComponentUpdatable.cpp
d:\game dev\engine_dev\abyssal\core\node\component\derivative\componentupdatable.cpp(1): fatal error C1083: Cannot open include file: 'Core/Node/Component/Derivative/ComponentUpdatable.h': No such file or directory
  inputHandler.cpp
d:\game dev\engine_dev\abyssal\core\node\component\derivative\io\inputhandler.h(9): fatal error C1083: Cannot open include file: 'SDL.h': No such file or directory
  ReadWrite.cpp
d:\game dev\engine_dev\abyssal\core\node\component\derivative\io\readwrite.cpp(1): fatal error C1083: Cannot open include file: 'Core/Node/Component/Derivative/IO/ReadWrite.h': No such file or directory
  AnimatedSprite.cpp
d:\game dev\engine_dev\abyssal\core\node\component\derivative\render\animatedsprite.cpp(1): fatal error C1083: Cannot open include file: 'Core/node/Component/Derivative/Render/AnimatedSprite.h': No such file or directory
  Model3D.cpp
d:\game dev\engine_dev\abyssal\core\node\component\derivative\render\model3d.cpp(3): fatal error C1083: Cannot open include file: 'Core/node/Component/Derivative/Render/Model3D.h': No such file or directory
  Compiling...
  Container.cpp
d:\game dev\engine_dev\abyssal\core\node\containers\container.h(8): fatal error C1083: Cannot open include file: 'Core/Node/Component/Component.h': No such file or directory
  DynamicEntityNode.cpp
d:\game dev\engine_dev\abyssal\core\node\derivative\dynamicentitynode.h(5): fatal error C1083: Cannot open include file: 'Core/Node/Node.h': No such file or directory
  Cube.cpp
d:\game dev\engine_dev\abyssal\core\node\derivative\shape\cube.h(9): fatal error C1083: Cannot open include file: 'Core/Node/Derivative/DynamicEntityNode.h': No such file or directory
  StaticEntityNode.cpp
d:\game dev\engine_dev\abyssal\core\node\derivative\staticentitynode.h(5): fatal error C1083: Cannot open include file: 'Core/Node/Node.h': No such file or directory
  Node.cpp
d:\game dev\engine_dev\abyssal\core\node\containers\container.h(8): fatal error C1083: Cannot open include file: 'Core/Node/Component/Component.h': No such file or directory
  Abyssal.cpp
d:\game dev\engine_dev\abyssal\core\framework\render\model.h(3): fatal error C1083: Cannot open include file: 'GL/glew.h': No such file or directory
  ComponentFactory.cpp
d:\game dev\engine_dev\abyssal\gameflow\factories\componentfactory.h(5): fatal error C1083: Cannot open include file: 'IFactory.h': No such file or directory
  EntityFactory.cpp
d:\game dev\engine_dev\abyssal\gameflow\factories\entityfactory.h(5): fatal error C1083: Cannot open include file: 'IFactory.h': No such file or directory
  GameManager.cpp
d:\game dev\engine_dev\abyssal\gameflow\gamemanager.cpp(3): fatal error C1083: Cannot open include file: 'GameFlow\Updater\MasterUpdate.h': No such file or directory
  GameObjects.cpp
d:\game dev\engine_dev\abyssal\gameflow\gameobjects\gameobjects.cpp(4): fatal error C1083: Cannot open include file: 'Core/Node/Derivative/DynamicEntityNode.h': No such file or directory
  MasterUpdate.cpp
d:\game dev\engine_dev\abyssal\gameflow\updater\masterupdate.cpp(3): fatal error C1083: Cannot open include file: 'GameFlow/Updater/MasterUpdate.h': No such file or directory
